In file included from [01m[K/home/prox/motion_ws/src/motion_controller/src/motion_control.cpp:1[m[K:
[01m[K/home/prox/motion_ws/src/motion_controller/include/motion_controller/motion_control.h:105:10:[m[K [01;31m[Kerror: [m[Kextra qualification ‘[01m[KController::[m[K’ on member ‘[01m[KreadWaypoints[m[K’ [[01;31m[K]8;;https://gcc.gnu.org/onlinedocs/gcc/Warning-Options.html#index-fpermissive-fpermissive]8;;[m[K]
  105 |     bool [01;31m[KController[m[K::readWaypoints(const std::string &filePath, std::vector<Point> &waypoints);
      |          [01;31m[K^~~~~~~~~~[m[K
[01m[K/home/prox/motion_ws/src/motion_controller/src/motion_control.cpp:[m[K In constructor ‘[01m[KController::Controller()[m[K’:
[01m[K/home/prox/motion_ws/src/motion_controller/src/motion_control.cpp:276:22:[m[K [01;31m[Kerror: [m[Kcall of overloaded ‘[01m[KreadWaypoints(std::string&, std::vector<Point>&)[m[K’ is ambiguous
  276 |     if ([01;31m[KreadWaypoints(waypoints_path, waypoints)[m[K)
      |         [01;31m[K~~~~~~~~~~~~~^~~~~~~~~~~~~~~~~~~~~~~~~~~[m[K
In file included from [01m[K/home/prox/motion_ws/src/motion_controller/src/motion_control.cpp:1[m[K:
[01m[K/home/prox/motion_ws/src/motion_controller/include/motion_controller/motion_control.h:104:10:[m[K [01;36m[Knote: [m[Kcandidate: ‘[01m[Kbool Controller::readWaypoints(const string&, std::vector<Point>)[m[K’
  104 |     bool [01;36m[KreadWaypoints[m[K(const std::string &filePath, std::vector<Point> waypoints);
      |          [01;36m[K^~~~~~~~~~~~~[m[K
[01m[K/home/prox/motion_ws/src/motion_controller/include/motion_controller/motion_control.h:105:10:[m[K [01;36m[Knote: [m[Kcandidate: ‘[01m[Kbool Controller::readWaypoints(const string&, std::vector<Point>&)[m[K’
  105 |     bool [01;36m[KController[m[K::readWaypoints(const std::string &filePath, std::vector<Point> &waypoints);
      |          [01;36m[K^~~~~~~~~~[m[K
[01m[K/home/prox/motion_ws/src/motion_controller/src/motion_control.cpp:279:9:[m[K [01;31m[Kerror: [m[K‘[01m[KprintWaypoints[m[K’ was not declared in this scope; did you mean ‘[01m[KreadWaypoints[m[K’?
  279 |         [01;31m[KprintWaypoints[m[K(waypoints);
      |         [01;31m[K^~~~~~~~~~~~~~[m[K
      |         [32m[KreadWaypoints[m[K
[01m[K/home/prox/motion_ws/src/motion_controller/src/motion_control.cpp:[m[K At global scope:
[01m[K/home/prox/motion_ws/src/motion_controller/src/motion_control.cpp:540:6:[m[K [01;31m[Kerror: [m[Kno declaration matches ‘[01m[Kvoid Controller::printWaypoints(const std::vector<Point>&)[m[K’
  540 | void [01;31m[KController[m[K::printWaypoints(const std::vector<Point>& waypoints)
      |      [01;31m[K^~~~~~~~~~[m[K
[01m[K/home/prox/motion_ws/src/motion_controller/src/motion_control.cpp:540:6:[m[K [01;36m[Knote: [m[Kno functions named ‘[01m[Kvoid Controller::printWaypoints(const std::vector<Point>&)[m[K’
In file included from [01m[K/home/prox/motion_ws/src/motion_controller/src/motion_control.cpp:1[m[K:
[01m[K/home/prox/motion_ws/src/motion_controller/include/motion_controller/motion_control.h:81:7:[m[K [01;36m[Knote: [m[K‘[01m[Kclass Controller[m[K’ defined here
   81 | class [01;36m[KController[m[K
      |       [01;36m[K^~~~~~~~~~[m[K
make[2]: *** [CMakeFiles/motion_control_start.dir/build.make:63: CMakeFiles/motion_control_start.dir/src/motion_control.cpp.o] Error 1
make[1]: *** [CMakeFiles/Makefile2:196: CMakeFiles/motion_control_start.dir/all] Error 2
make: *** [Makefile:141: all] Error 2
