[  0%] Built target rosgraph_msgs_generate_messages_py
[  0%] Built target std_msgs_generate_messages_lisp
[  0%] Built target std_msgs_generate_messages_nodejs
[  0%] Built target rosgraph_msgs_generate_messages_cpp
[  0%] Built target rosgraph_msgs_generate_messages_eus
[  0%] Built target std_msgs_generate_messages_eus
[  0%] Built target roscpp_generate_messages_eus
[  0%] Built target roscpp_generate_messages_cpp
[  0%] Built target rosgraph_msgs_generate_messages_lisp
[  0%] Built target roscpp_generate_messages_py
[  0%] Built target base_control_generate_messages_cpp
[  0%] Built target base_control_generate_messages_py
[  0%] Built target roscpp_generate_messages_lisp
[  0%] Built target rosgraph_msgs_generate_messages_nodejs
[  0%] Built target std_msgs_generate_messages_cpp
[  0%] Built target std_msgs_generate_messages_py
[  0%] Built target roscpp_generate_messages_nodejs
[  0%] Built target base_control_generate_messages_eus
[  0%] Built target base_control_generate_messages_lisp
[  0%] Built target base_control_generate_messages_nodejs
[  0%] Built target motion_control_generate_messages_nodejs
[ 33%] Built target motion_control_generate_messages_eus
[ 33%] Built target motion_control_generate_messages_lisp
[ 33%] Built target motion_control_generate_messages_py
[ 33%] Built target motion_control_generate_messages_cpp
[35m[1mScanning dependencies of target motion_control_start[0m
[ 33%] Built target motion_control_generate_messages
[ 66%] [32mBuilding CXX object CMakeFiles/motion_control_start.dir/src/motion_control.cpp.o[0m
[100%] [32m[1mLinking CXX executable /home/prox/motion_ws/devel/.private/motion_control/lib/motion_control/motion_control_start[0m
[100%] Built target motion_control_start
