[01m[K/home/prox/motion_ws/src/motion_controller/src/motion_control.cpp:[m[K In function ‘[01m[Kvoid shutdownHook()[m[K’:
[01m[K/home/prox/motion_ws/src/motion_controller/src/motion_control.cpp:985:9:[m[K [01;31m[Kerror: [m[K‘[01m[Kg_controller_ptr[m[K’ was not declared in this scope
  985 |     if ([01;31m[Kg_controller_ptr[m[K) {
      |         [01;31m[K^~~~~~~~~~~~~~~~[m[K
[01m[K/home/prox/motion_ws/src/motion_controller/src/motion_control.cpp:986:16:[m[K [01;31m[Kerror: [m[Ktype ‘[01m[K<type error>[m[K’ argument given to ‘[01m[Kdelete[m[K’, expected pointer
  986 |         delete [01;31m[Kg_controller_ptr[m[K;
      |                [01;31m[K^~~~~~~~~~~~~~~~[m[K
[01m[K/home/prox/motion_ws/src/motion_controller/src/motion_control.cpp:[m[K In function ‘[01m[Kint main(int, char**)[m[K’:
[01m[K/home/prox/motion_ws/src/motion_controller/src/motion_control.cpp:1000:10:[m[K [01;31m[Kerror: [m[K‘[01m[Kon_shutdown[m[K’ is not a member of ‘[01m[Kros[m[K’; did you mean ‘[01m[Kshutdown[m[K’?
 1000 |     ros::[01;31m[Kon_shutdown[m[K(shutdownHook);
      |          [01;31m[K^~~~~~~~~~~[m[K
      |          [32m[Kshutdown[m[K
[01m[K/home/prox/motion_ws/src/motion_controller/src/motion_control.cpp:1002:5:[m[K [01;31m[Kerror: [m[K‘[01m[Kg_controller_ptr[m[K’ was not declared in this scope
 1002 |     [01;31m[Kg_controller_ptr[m[K = new Controller();
      |     [01;31m[K^~~~~~~~~~~~~~~~[m[K
[01m[K/home/prox/motion_ws/src/motion_controller/src/motion_control.cpp:1007:16:[m[K [01;31m[Kerror: [m[Ktype ‘[01m[K<type error>[m[K’ argument given to ‘[01m[Kdelete[m[K’, expected pointer
 1007 |         delete [01;31m[Kg_controller_ptr[m[K;
      |                [01;31m[K^~~~~~~~~~~~~~~~[m[K
make[2]: *** [CMakeFiles/motion_control_start.dir/build.make:63: CMakeFiles/motion_control_start.dir/src/motion_control.cpp.o] Error 1
make[1]: *** [CMakeFiles/Makefile2:196: CMakeFiles/motion_control_start.dir/all] Error 2
make: *** [Makefile:141: all] Error 2
