[  0%] Built target std_msgs_generate_messages_nodejs
[  0%] Built target std_msgs_generate_messages_py
[  0%] Built target std_msgs_generate_messages_eus
[  0%] Built target std_msgs_generate_messages_lisp
[  0%] Built target rosgraph_msgs_generate_messages_eus
[  0%] Built target rosgraph_msgs_generate_messages_cpp
[  0%] Built target roscpp_generate_messages_cpp
[  0%] Built target roscpp_generate_messages_eus
[  0%] Built target rosgraph_msgs_generate_messages_py
[  0%] Built target roscpp_generate_messages_py
[  0%] Built target std_msgs_generate_messages_cpp
[  0%] Built target rosgraph_msgs_generate_messages_lisp
[  0%] Built target _base_control_generate_messages_check_deps_base_wheel_vel
[  0%] Built target _base_control_generate_messages_check_deps_Winkel
[  0%] Built target roscpp_generate_messages_nodejs
[  0%] Built target roscpp_generate_messages_lisp
[  0%] Built target rosgraph_msgs_generate_messages_nodejs
[ 12%] Built target base_control_generate_messages_lisp
[ 25%] Built target base_control_generate_messages_cpp
[ 43%] Built target base_control_generate_messages_nodejs
[ 56%] Built target base_control_generate_messages_py
[ 75%] Built target base_control_generate_messages_eus
[ 75%] Built target base_control_generate_messages
[100%] Built target base_motor_controller
