[ 50%] [32mBuilding CXX object CMakeFiles/state_estimator_start.dir/src/state_estimator.cpp.o[0m
[01m[K/home/prox/motion_ws/src/state_estimator/src/state_estimator.cpp:[m[K In member function ‘[01m[Kvoid KalmanFilterFusion::predictState(double)[m[K’:
[01m[K/home/prox/motion_ws/src/state_estimator/src/state_estimator.cpp:187:52:[m[K [01;31m[Kerror: [m[Kno match for ‘[01m[Koperator*[m[K’ (operand types are ‘[01m[Kdouble[m[K’ and ‘[01m[KEigen::Quaterniond[m[K’ {aka ‘[01m[KEigen::Quaternion<double>[m[K’})
  187 |         Eigen::Quaterniond q_update = q + [32m[Kdt * 0.5[m[K [01;31m[K*[m[K Eigen::[34m[KQuaterniond(0, q_dot.x(), q_dot.y(), q_dot.z())[m[K * q;
      |                                           [32m[K~~~~~~~~[m[K [01;31m[K^[m[K        [34m[K~~~~~~~~~~~~~~~~~~~~~~~~~~~~~~~~~~~~~~~~~~~~~~~[m[K
      |                                              [32m[K|[m[K              [34m[K|[m[K
      |                                              [32m[Kdouble[m[K         [34m[KEigen::Quaterniond {aka Eigen::Quaternion<double>}[m[K
In file included from [01m[K/usr/include/eigen3/Eigen/Geometry:40[m[K,
                 from [01m[K/usr/include/eigen3/Eigen/Dense:6[m[K,
                 from [01m[K/home/prox/motion_ws/src/state_estimator/src/state_estimator.cpp:7[m[K:
[01m[K/usr/include/eigen3/Eigen/src/Geometry/RotationBase.h:76:49:[m[K [01;36m[Knote: [m[Kcandidate: ‘[01m[Ktemplate<class OtherDerived> Eigen::RotationBase<Eigen::Quaternion<double>, 3>::RotationMatrixType Eigen::operator*(const Eigen::EigenBase<Derived>&, const Eigen::Quaternion<double>&)[m[K’
   76 |     EIGEN_DEVICE_FUNC inline RotationMatrixType [01;36m[Koperator[m[K*(const EigenBase<OtherDerived>& l, const Derived& r)
      |                                                 [01;36m[K^~~~~~~~[m[K
[01m[K/usr/include/eigen3/Eigen/src/Geometry/RotationBase.h:76:49:[m[K [01;36m[Knote: [m[K  template argument deduction/substitution failed:
[01m[K/home/prox/motion_ws/src/state_estimator/src/state_estimator.cpp:187:107:[m[K [01;36m[Knote: [m[K  mismatched types ‘[01m[Kconst Eigen::EigenBase<Derived>[m[K’ and ‘[01m[Kdouble[m[K’
  187 |         Eigen::Quaterniond q_update = q + dt * 0.5 * Eigen::Quaterniond(0, q_dot.x(), q_dot.y(), q_dot.z()[01;36m[K)[m[K * q;
      |                                                                                                           [01;36m[K^[m[K
In file included from [01m[K/usr/include/eigen3/Eigen/Core:487[m[K,
                 from [01m[K/usr/include/eigen3/Eigen/Dense:1[m[K,
                 from [01m[K/home/prox/motion_ws/src/state_estimator/src/state_estimator.cpp:7[m[K:
[01m[K/usr/include/eigen3/Eigen/src/Core/PermutationMatrix.h:543:1:[m[K [01;36m[Knote: [m[Kcandidate: ‘[01m[Ktemplate<class MatrixDerived, class PermutationDerived> const Eigen::Product<MatrixDerived, PermutationDerived, 2> Eigen::operator*(const Eigen::MatrixBase<Derived>&, const Eigen::PermutationBase<PermutationDerived>&)[m[K’
  543 | [01;36m[Koperator[m[K*(const MatrixBase<MatrixDerived> &matrix,
      | [01;36m[K^~~~~~~~[m[K
[01m[K/usr/include/eigen3/Eigen/src/Core/PermutationMatrix.h:543:1:[m[K [01;36m[Knote: [m[K  template argument deduction/substitution failed:
[01m[K/home/prox/motion_ws/src/state_estimator/src/state_estimator.cpp:187:107:[m[K [01;36m[Knote: [m[K  mismatched types ‘[01m[Kconst Eigen::MatrixBase<Derived>[m[K’ and ‘[01m[Kdouble[m[K’
  187 |         Eigen::Quaterniond q_update = q + dt * 0.5 * Eigen::Quaterniond(0, q_dot.x(), q_dot.y(), q_dot.z()[01;36m[K)[m[K * q;
      |                                                                                                           [01;36m[K^[m[K
In file included from [01m[K/usr/include/eigen3/Eigen/Core:487[m[K,
                 from [01m[K/usr/include/eigen3/Eigen/Dense:1[m[K,
                 from [01m[K/home/prox/motion_ws/src/state_estimator/src/state_estimator.cpp:7[m[K:
[01m[K/usr/include/eigen3/Eigen/src/Core/PermutationMatrix.h:555:1:[m[K [01;36m[Knote: [m[Kcandidate: ‘[01m[Ktemplate<class PermutationDerived, class MatrixDerived> const Eigen::Product<MatrixDerived, PermutationDerived, 2> Eigen::operator*(const Eigen::PermutationBase<PermutationDerived>&, const Eigen::MatrixBase<U>&)[m[K’
  555 | [01;36m[Koperator[m[K*(const PermutationBase<PermutationDerived> &permutation,
      | [01;36m[K^~~~~~~~[m[K
[01m[K/usr/include/eigen3/Eigen/src/Core/PermutationMatrix.h:555:1:[m[K [01;36m[Knote: [m[K  template argument deduction/substitution failed:
[01m[K/home/prox/motion_ws/src/state_estimator/src/state_estimator.cpp:187:107:[m[K [01;36m[Knote: [m[K  mismatched types ‘[01m[Kconst Eigen::PermutationBase<PermutationDerived>[m[K’ and ‘[01m[Kdouble[m[K’
  187 |         Eigen::Quaterniond q_update = q + dt * 0.5 * Eigen::Quaterniond(0, q_dot.x(), q_dot.y(), q_dot.z()[01;36m[K)[m[K * q;
      |                                                                                                           [01;36m[K^[m[K
In file included from [01m[K/usr/include/eigen3/Eigen/Core:488[m[K,
                 from [01m[K/usr/include/eigen3/Eigen/Dense:1[m[K,
                 from [01m[K/home/prox/motion_ws/src/state_estimator/src/state_estimator.cpp:7[m[K:
[01m[K/usr/include/eigen3/Eigen/src/Core/Transpositions.h:338:1:[m[K [01;36m[Knote: [m[Kcandidate: ‘[01m[Ktemplate<class MatrixDerived, class TranspositionsDerived> const Eigen::Product<MatrixDerived, PermutationDerived, 2> Eigen::operator*(const Eigen::MatrixBase<Derived>&, const Eigen::TranspositionsBase<TranspositionsDerived>&)[m[K’
  338 | [01;36m[Koperator[m[K*(const MatrixBase<MatrixDerived> &matrix,
      | [01;36m[K^~~~~~~~[m[K
[01m[K/usr/include/eigen3/Eigen/src/Core/Transpositions.h:338:1:[m[K [01;36m[Knote: [m[K  template argument deduction/substitution failed:
[01m[K/home/prox/motion_ws/src/state_estimator/src/state_estimator.cpp:187:107:[m[K [01;36m[Knote: [m[K  mismatched types ‘[01m[Kconst Eigen::MatrixBase<Derived>[m[K’ and ‘[01m[Kdouble[m[K’
  187 |         Eigen::Quaterniond q_update = q + dt * 0.5 * Eigen::Quaterniond(0, q_dot.x(), q_dot.y(), q_dot.z()[01;36m[K)[m[K * q;
      |                                                                                                           [01;36m[K^[m[K
In file included from [01m[K/usr/include/eigen3/Eigen/Core:488[m[K,
                 from [01m[K/usr/include/eigen3/Eigen/Dense:1[m[K,
                 from [01m[K/home/prox/motion_ws/src/state_estimator/src/state_estimator.cpp:7[m[K:
[01m[K/usr/include/eigen3/Eigen/src/Core/Transpositions.h:350:1:[m[K [01;36m[Knote: [m[Kcandidate: ‘[01m[Ktemplate<class TranspositionsDerived, class MatrixDerived> const Eigen::Product<MatrixDerived, PermutationDerived, 2> Eigen::operator*(const Eigen::TranspositionsBase<TranspositionsDerived>&, const Eigen::MatrixBase<U>&)[m[K’
  350 | [01;36m[Koperator[m[K*(const TranspositionsBase<TranspositionsDerived> &transpositions,
      | [01;36m[K^~~~~~~~[m[K
[01m[K/usr/include/eigen3/Eigen/src/Core/Transpositions.h:350:1:[m[K [01;36m[Knote: [m[K  template argument deduction/substitution failed:
[01m[K/home/prox/motion_ws/src/state_estimator/src/state_estimator.cpp:187:107:[m[K [01;36m[Knote: [m[K  mismatched types ‘[01m[Kconst Eigen::TranspositionsBase<TranspositionsDerived>[m[K’ and ‘[01m[Kdouble[m[K’
  187 |         Eigen::Quaterniond q_update = q + dt * 0.5 * Eigen::Quaterniond(0, q_dot.x(), q_dot.y(), q_dot.z()[01;36m[K)[m[K * q;
      |                                                                                                           [01;36m[K^[m[K
In file included from [01m[K/usr/include/eigen3/Eigen/Householder:24[m[K,
                 from [01m[K/usr/include/eigen3/Eigen/QR:17[m[K,
                 from [01m[K/usr/include/eigen3/Eigen/Dense:4[m[K,
                 from [01m[K/home/prox/motion_ws/src/state_estimator/src/state_estimator.cpp:7[m[K:
[01m[K/usr/include/eigen3/Eigen/src/Householder/HouseholderSequence.h:438:99:[m[K [01;36m[Knote: [m[Kcandidate: ‘[01m[Ktemplate<class OtherDerived, class VectorsType, class CoeffsType, int Side> typename Eigen::internal::matrix_type_times_scalar_type<typename VectorsType::Scalar, OtherDerived>::Type Eigen::operator*(const Eigen::MatrixBase<Derived>&, const Eigen::HouseholderSequence<VectorsType, CoeffsType, Side>&)[m[K’
  438 | typename internal::matrix_type_times_scalar_type<typename VectorsType::Scalar,OtherDerived>::Type [01;36m[Koperator[m[K*(const MatrixBase<OtherDerived>& other, const HouseholderSequence<VectorsType,CoeffsType,Side>& h)
      |                                                                                                   [01;36m[K^~~~~~~~[m[K
[01m[K/usr/include/eigen3/Eigen/src/Householder/HouseholderSequence.h:438:99:[m[K [01;36m[Knote: [m[K  template argument deduction/substitution failed:
[01m[K/home/prox/motion_ws/src/state_estimator/src/state_estimator.cpp:187:107:[m[K [01;36m[Knote: [m[K  mismatched types ‘[01m[Kconst Eigen::MatrixBase<Derived>[m[K’ and ‘[01m[Kdouble[m[K’
  187 |         Eigen::Quaterniond q_update = q + dt * 0.5 * Eigen::Quaterniond(0, q_dot.x(), q_dot.y(), q_dot.z()[01;36m[K)[m[K * q;
      |                                                                                                           [01;36m[K^[m[K
In file included from [01m[K/usr/include/eigen3/Eigen/Geometry:46[m[K,
                 from [01m[K/usr/include/eigen3/Eigen/Dense:6[m[K,
                 from [01m[K/home/prox/motion_ws/src/state_estimator/src/state_estimator.cpp:7[m[K:
[01m[K/usr/include/eigen3/Eigen/src/Geometry/Scaling.h:117:1:[m[K [01;36m[Knote: [m[Kcandidate: ‘[01m[Ktemplate<class Derived, class Scalar> Eigen::CwiseBinaryOp<Eigen::internal::scalar_product_op<typename Eigen::internal::traits<T>::Scalar, Scalar>, const Derived, const typename Eigen::internal::plain_constant_type<Expr, Scalar>::type> Eigen::operator*(const Eigen::MatrixBase<Derived>&, const Eigen::UniformScaling<Scalar>&)[m[K’
  117 | [01;36m[Koperator[m[K*(const MatrixBase<Derived>& matrix, const UniformScaling<Scalar>& s)
      | [01;36m[K^~~~~~~~[m[K
[01m[K/usr/include/eigen3/Eigen/src/Geometry/Scaling.h:117:1:[m[K [01;36m[Knote: [m[K  template argument deduction/substitution failed:
[01m[K/home/prox/motion_ws/src/state_estimator/src/state_estimator.cpp:187:107:[m[K [01;36m[Knote: [m[K  mismatched types ‘[01m[Kconst Eigen::MatrixBase<Derived>[m[K’ and ‘[01m[Kdouble[m[K’
  187 |         Eigen::Quaterniond q_update = q + dt * 0.5 * Eigen::Quaterniond(0, q_dot.x(), q_dot.y(), q_dot.z()[01;36m[K)[m[K * q;
      |                                                                                                           [01;36m[K^[m[K
In file included from [01m[K/usr/include/eigen3/Eigen/Geometry:40[m[K,
                 from [01m[K/usr/include/eigen3/Eigen/Dense:6[m[K,
                 from [01m[K/home/prox/motion_ws/src/state_estimator/src/state_estimator.cpp:7[m[K:
[01m[K/usr/include/eigen3/Eigen/src/Geometry/RotationBase.h:80:66:[m[K [01;36m[Knote: [m[Kcandidate: ‘[01m[KEigen::Transform<double, 3, 2> Eigen::operator*(const Eigen::DiagonalMatrix<double, 3>&, const Eigen::Quaternion<double>&)[m[K’
   80 |     EIGEN_DEVICE_FUNC friend inline Transform<Scalar,Dim,Affine> [01;36m[Koperator[m[K*(const DiagonalMatrix<Scalar,Dim>& l, const Derived& r)
      |                                                                  [01;36m[K^~~~~~~~[m[K
[01m[K/usr/include/eigen3/Eigen/src/Geometry/RotationBase.h:80:110:[m[K [01;36m[Knote: [m[K  no known conversion for argument 1 from ‘[01m[Kdouble[m[K’ to ‘[01m[Kconst Eigen::DiagonalMatrix<double, 3>&[m[K’
   80 |     EIGEN_DEVICE_FUNC friend inline Transform<Scalar,Dim,Affine> operator*([01;36m[Kconst DiagonalMatrix<Scalar,Dim>& l[m[K, const Derived& r)
      |                                                                            [01;36m[K~~~~~~~~~~~~~~~~~~~~~~~~~~~~~~~~~~^[m[K
make[2]: *** [CMakeFiles/state_estimator_start.dir/build.make:63: CMakeFiles/state_estimator_start.dir/src/state_estimator.cpp.o] Error 1
make[1]: *** [CMakeFiles/Makefile2:833: CMakeFiles/state_estimator_start.dir/all] Error 2
make: *** [Makefile:141: all] Error 2
